<?xml version="1.0" encoding="UTF-8"?>
<testsuites name="Mocha Tests" time="3.870" tests="4" failures="0">
  <testsuite name="Root Suite" timestamp="2023-03-01T00:32:09" tests="0" file="cypress/e2e/logged-out.cy.js" time="0.000" failures="0">
  </testsuite>
  <testsuite name="logged out" timestamp="2023-03-01T00:32:09" tests="0" time="0.000" failures="0">
  </testsuite>
  <testsuite name="desktop" timestamp="2023-03-01T00:32:09" tests="3" time="2.808" failures="0">
    <testcase name="logged out desktop should display the navigation bar" time="1.303" classname="should display the navigation bar">
    </testcase>
    <testcase name="logged out desktop should display the footer" time="0.718" classname="should display the footer">
    </testcase>
    <testcase name="logged out desktop should display the home page" time="0.776" classname="should display the home page">
    </testcase>
  </testsuite>
  <testsuite name="mobile" timestamp="2023-03-01T00:32:11" tests="1" time="1.031" failures="0">
    <testcase name="logged out mobile should expand the navigation bar menu" time="1.026" classname="should expand the navigation bar menu">
    </testcase>
  </testsuite>
</testsuites>